2020-05-24 00:07:50 INFO  UserServiceImpl:67 - New user registered: qwerty
2020-05-24 11:49:37 INFO  UserServiceImpl:67 - New user registered: qwerty
2020-05-24 11:52:38 INFO  UserServiceImpl:67 - New user registered: qwerty
2020-05-24 11:54:36 INFO  UserServiceImpl:67 - New user registered: qwerty
2020-05-24 12:12:20 INFO  UserServiceImpl:67 - New user registered: qwerty
2020-05-24 12:19:18 INFO  UserServiceImpl:67 - New user registered: qwerty
2020-05-24 12:25:08 INFO  UserServiceImpl:67 - New user registered: qwerty
2020-05-24 12:26:39 INFO  UserServiceImpl:67 - New user registered: qwerty
2020-05-24 13:34:38 INFO  UserServiceImpl:67 - New user registered: qwerty
2020-05-24 13:40:11 INFO  UserServiceImpl:67 - New user registered: qwerty
2020-05-24 14:49:05 INFO  UserServiceImpl:74 - New user registered: qwerty
2020-05-24 14:52:35 INFO  UserServiceImpl:74 - New user registered: qqqqq
2020-05-24 15:02:24 INFO  UserServiceImpl:74 - New user registered: qwerty
2020-05-24 15:04:20 INFO  UserServiceImpl:74 - New user registered: qwerty
2020-05-24 15:06:51 INFO  UserServiceImpl:74 - New user registered: qwerty
2020-05-24 15:11:30 INFO  UserServiceImpl:74 - New user registered: qwerty
2020-05-24 15:16:27 INFO  UserServiceImpl:74 - New user registered: qwerty
2020-05-24 21:33:47 INFO  UserServiceImpl:72 - New user registered: sergey
2020-05-24 22:26:20 INFO  UserServiceImpl:72 - New user registered: qwerty
2020-05-24 22:28:42 INFO  UserServiceImpl:72 - New user registered: qwerty
2020-05-24 22:30:59 INFO  UserServiceImpl:72 - New user registered: qwerty
2020-05-24 22:42:20 INFO  UserServiceImpl:72 - New user registered: qwerty
2020-05-24 22:45:07 INFO  UserServiceImpl:72 - New user registered: qwerty
2020-05-24 23:12:29 INFO  UserServiceImpl:72 - New user registered: qwerty
2020-05-24 23:28:04 INFO  UserServiceImpl:72 - New user registered: qwerty
2020-05-26 14:42:14 INFO  UserServiceImpl:72 - New user registered: qwerty
2020-05-26 14:56:28 INFO  UserServiceImpl:72 - New user registered: qwerty
2020-05-26 14:57:35 INFO  UserServiceImpl:72 - New user registered: qwerty
2020-05-26 14:59:13 INFO  UserServiceImpl:72 - New user registered: qwerty
2020-05-26 15:01:49 INFO  UserServiceImpl:72 - New user registered: qwerty
2020-05-26 15:06:15 INFO  UserServiceImpl:72 - New user registered: qwerty
2020-05-26 15:15:46 INFO  UserServiceImpl:72 - New user registered: qwerty
2020-05-26 15:17:21 INFO  UserServiceImpl:72 - New user registered: qqqq
2020-05-26 15:25:31 INFO  UserServiceImpl:72 - New user registered: qwerty
2020-05-26 15:26:36 INFO  UserServiceImpl:72 - New user registered: qqqq
2020-05-26 15:28:37 INFO  UserServiceImpl:72 - New user registered: qwerty
2020-05-26 15:29:43 INFO  UserServiceImpl:72 - New user registered: qqqq
2020-05-26 15:36:12 INFO  UserServiceImpl:72 - New user registered: qwerty
2020-05-26 15:36:53 INFO  UserServiceImpl:72 - New user registered: qqqq
2020-05-26 15:51:37 INFO  UserServiceImpl:72 - New user registered: qwerty
2020-05-26 15:52:12 INFO  UserServiceImpl:72 - New user registered: qqqq
2020-05-26 15:54:14 INFO  UserServiceImpl:72 - New user registered: qwerty
2020-05-26 15:54:53 INFO  UserServiceImpl:72 - New user registered: qqqq
2020-05-26 15:59:20 INFO  UserServiceImpl:72 - New user registered: qwerty
2020-05-26 16:03:23 INFO  UserServiceImpl:72 - New user registered: qwerty
2020-05-26 16:10:32 INFO  UserServiceImpl:72 - New user registered: qwerty
2020-05-26 16:14:21 INFO  UserServiceImpl:72 - New user registered: qwerty
2020-05-26 16:27:12 INFO  UserServiceImpl:72 - New user registered: qwerty
2020-05-26 16:28:45 INFO  UserServiceImpl:72 - New user registered: qwerty
2020-05-26 16:35:13 INFO  UserServiceImpl:72 - New user registered: qwerty
2020-05-26 17:01:57 INFO  UserServiceImpl:72 - New user registered: qwerty
2020-05-26 17:04:42 INFO  UserServiceImpl:72 - New user registered: qwerty
2020-05-26 17:07:53 INFO  UserServiceImpl:72 - New user registered: qwerty
2020-05-26 17:15:26 INFO  UserServiceImpl:72 - New user registered: qwerty
2020-05-26 17:59:49 INFO  UserServiceImpl:72 - New user registered: qwerty
2020-05-26 19:04:34 INFO  UserServiceImpl:72 - New user registered: qwerty
2020-05-26 19:18:54 INFO  UserServiceImpl:72 - New user registered: qwerty
2020-05-26 19:42:57 INFO  UserServiceImpl:72 - New user registered: qwerty
2020-05-26 20:13:20 INFO  UserServiceImpl:72 - New user registered: qwerty
2020-05-29 17:50:24 INFO  UserServiceImpl:72 - New user registered: qwerty
2020-05-29 17:51:42 INFO  UserServiceImpl:72 - New user registered: qwerty
2020-05-29 18:06:01 INFO  UserServiceImpl:72 - New user registered: qwerty
2020-05-29 18:08:16 INFO  UserServiceImpl:72 - New user registered: qwerty
2020-05-29 18:11:12 INFO  UserServiceImpl:72 - New user registered: qwerty
2020-05-29 18:12:46 INFO  UserServiceImpl:72 - New user registered: qwerty
2020-05-29 18:17:27 INFO  UserServiceImpl:72 - New user registered: qwerty
2020-05-29 18:23:02 INFO  UserServiceImpl:72 - New user registered: qwerty
2020-05-29 18:28:03 INFO  UserServiceImpl:72 - New user registered: qwerty
2020-05-29 18:38:23 INFO  UserServiceImpl:72 - New user registered: qwerty
2020-05-29 18:39:52 INFO  UserServiceImpl:72 - New user registered: qwerty
2020-05-29 18:47:22 INFO  UserServiceImpl:72 - New user registered: qwerty
2020-05-29 19:14:17 INFO  UserServiceImpl:72 - New user registered: qwerty
2020-05-29 19:24:40 INFO  UserServiceImpl:72 - New user registered: qwerty
2020-05-29 20:18:03 INFO  UserServiceImpl:72 - New user registered: qwerty
2020-05-29 20:23:33 INFO  UserServiceImpl:72 - New user registered: qwerty
2020-05-29 20:35:23 INFO  UserServiceImpl:72 - New user registered: qwerty
2020-05-29 20:41:01 INFO  UserServiceImpl:72 - New user registered: qwerty
2020-05-29 20:48:52 INFO  UserServiceImpl:72 - New user registered: qwerty
2020-05-29 20:48:52 WARN  MailSender:38 - Email with activation code not sent to user :rent.appartment.project@yandex.ru
2020-05-29 22:55:22 INFO  UserServiceImpl:72 - New user registered: qwerty
2020-05-29 23:01:12 INFO  UserServiceImpl:72 - New user registered: qwerty
2020-05-30 11:34:50 INFO  UserServiceImpl:72 - New user registered: qwerty
2020-05-30 11:56:39 INFO  UserServiceImpl:72 - New user registered: qwerty
2020-05-30 12:30:55 INFO  UserServiceImpl:72 - New user registered: qwerty
2020-05-30 12:48:18 INFO  UserServiceImpl:72 - New user registered: qwerty
2020-05-30 12:51:32 INFO  UserServiceImpl:72 - New user registered: qwerty
2020-05-30 12:54:50 INFO  UserServiceImpl:72 - New user registered: qwerty
2020-05-30 13:04:43 INFO  UserServiceImpl:72 - New user registered: qwerty
2020-05-30 16:17:11 INFO  UserServiceImpl:72 - New user registered: qwerty
2020-05-30 16:22:04 INFO  UserServiceImpl:72 - New user registered: qwerty
2020-05-30 16:30:39 INFO  UserServiceImpl:72 - New user registered: qwerty
2020-05-30 16:34:03 INFO  UserServiceImpl:72 - New user registered: qwerty
2020-05-30 22:03:13 INFO  UserServiceImpl:72 - New user registered: qwerty
2020-05-30 22:06:47 INFO  UserServiceImpl:72 - New user registered: qwerty
